[2020-10-23T11:42:06,377][INFO ][logstash.setting.writabledirectory] Creating directory {:setting=>"path.queue", :path=>"/home1/irteam/logstash-7.7.1/data/queue"}
[2020-10-23T11:42:06,540][INFO ][logstash.setting.writabledirectory] Creating directory {:setting=>"path.dead_letter_queue", :path=>"/home1/irteam/logstash-7.7.1/data/dead_letter_queue"}
[2020-10-23T11:42:07,068][WARN ][logstash.config.source.multilocal] Ignoring the 'pipelines.yml' file because modules or command line options are specified
[2020-10-23T11:42:07,096][INFO ][logstash.runner          ] Starting Logstash {"logstash.version"=>"7.7.1"}
[2020-10-23T11:42:07,128][INFO ][logstash.agent           ] No persistent UUID file found. Generating new UUID {:uuid=>"576268cd-8387-4583-bb2f-a049adb8a096", :path=>"/home1/irteam/logstash-7.7.1/data/uuid"}
[2020-10-23T11:42:09,435][INFO ][org.reflections.Reflections] Reflections took 48 ms to scan 1 urls, producing 21 keys and 41 values 
[2020-10-23T11:42:10,132][WARN ][org.logstash.instrument.metrics.gauge.LazyDelegatingGauge][main] A gauge metric of an unknown type (org.jruby.RubyArray) has been created for key: cluster_uuids. This may result in invalid serialization.  It is recommended to log an issue to the responsible developer/development team.
[2020-10-23T11:42:10,145][INFO ][logstash.javapipeline    ][main] Starting pipeline {:pipeline_id=>"main", "pipeline.workers"=>4, "pipeline.batch.size"=>125, "pipeline.batch.delay"=>50, "pipeline.max_inflight"=>500, "pipeline.sources"=>["/home1/irteam/logstash-7.7.1/config/logstash.conf"], :thread=>"#<Thread:0x6cc1fcf9 run>"}
[2020-10-23T11:42:11,337][INFO ][logstash.inputs.file     ][main] No sincedb_path set, generating one based on the "path" setting {:sincedb_path=>"/home1/irteam/logstash-7.7.1/data/plugins/inputs/file/.sincedb_bbacef3e6d8f0e2b076700c55f42cf48", :path=>["/home1/irteam/log/haproxy.log"]}
[2020-10-23T11:42:11,366][INFO ][logstash.javapipeline    ][main] Pipeline started {"pipeline.id"=>"main"}
[2020-10-23T11:42:11,445][INFO ][filewatch.observingtail  ][main][fc4e6a2ce13daa1e3cc0602c852b50da300554a0d20eb7da7ec97125a7216229] START, creating Discoverer, Watch with file and sincedb collections
[2020-10-23T11:42:11,440][INFO ][logstash.agent           ] Pipelines running {:count=>1, :running_pipelines=>[:main], :non_running_pipelines=>[]}
[2020-10-23T11:42:11,876][INFO ][logstash.agent           ] Successfully started Logstash API endpoint {:port=>9600}
[2020-10-23T11:51:53,252][WARN ][logstash.config.source.multilocal] Ignoring the 'pipelines.yml' file because modules or command line options are specified
[2020-10-23T11:51:53,408][INFO ][logstash.runner          ] Starting Logstash {"logstash.version"=>"7.7.1"}
[2020-10-23T11:51:56,094][INFO ][org.reflections.Reflections] Reflections took 54 ms to scan 1 urls, producing 21 keys and 41 values 
[2020-10-23T11:51:56,849][WARN ][org.logstash.instrument.metrics.gauge.LazyDelegatingGauge][main] A gauge metric of an unknown type (org.jruby.RubyArray) has been created for key: cluster_uuids. This may result in invalid serialization.  It is recommended to log an issue to the responsible developer/development team.
[2020-10-23T11:51:56,862][INFO ][logstash.javapipeline    ][main] Starting pipeline {:pipeline_id=>"main", "pipeline.workers"=>4, "pipeline.batch.size"=>125, "pipeline.batch.delay"=>50, "pipeline.max_inflight"=>500, "pipeline.sources"=>["/home1/irteam/logstash-7.7.1/config/logstash.conf"], :thread=>"#<Thread:0x21867413 run>"}
[2020-10-23T11:51:58,033][INFO ][logstash.inputs.file     ][main] No sincedb_path set, generating one based on the "path" setting {:sincedb_path=>"/home1/irteam/logstash-7.7.1/data/plugins/inputs/file/.sincedb_bbacef3e6d8f0e2b076700c55f42cf48", :path=>["/home1/irteam/log/haproxy.log"]}
[2020-10-23T11:51:58,077][INFO ][logstash.javapipeline    ][main] Pipeline started {"pipeline.id"=>"main"}
[2020-10-23T11:51:58,145][INFO ][filewatch.observingtail  ][main][bba205b33c5109e9a3ceb1febf8c2ae2437df1023fc5ebbbac70faf851a790f2] START, creating Discoverer, Watch with file and sincedb collections
[2020-10-23T11:51:58,164][INFO ][logstash.agent           ] Pipelines running {:count=>1, :running_pipelines=>[:main], :non_running_pipelines=>[]}
[2020-10-23T11:51:58,517][INFO ][logstash.agent           ] Successfully started Logstash API endpoint {:port=>9600}
[2020-10-23T11:51:59,496][ERROR][logstash.outputs.http    ][main][228da7d4cdba281705e43cd61812b03860c7cd532d0a838fbac37b6e24fdc391] [HTTP Output Failure] Encountered non-2xx HTTP code 400 {:response_code=>400, :url=>"http://nelo2-col.navercorp.com/_store", :event=>#<LogStash::Event:0x2276717e>}
[2020-10-23T11:51:59,506][ERROR][logstash.outputs.http    ][main][228da7d4cdba281705e43cd61812b03860c7cd532d0a838fbac37b6e24fdc391] [HTTP Output Failure] Encountered non-2xx HTTP code 400 {:response_code=>400, :url=>"http://nelo2-col.navercorp.com/_store", :event=>#<LogStash::Event:0x1d0e57d9>}
[2020-10-23T11:52:00,944][ERROR][logstash.outputs.http    ][main][228da7d4cdba281705e43cd61812b03860c7cd532d0a838fbac37b6e24fdc391] [HTTP Output Failure] Encountered non-2xx HTTP code 400 {:response_code=>400, :url=>"http://nelo2-col.navercorp.com/_store", :event=>#<LogStash::Event:0x68c140f8>}
[2020-10-23T11:52:15,979][ERROR][logstash.outputs.http    ][main][228da7d4cdba281705e43cd61812b03860c7cd532d0a838fbac37b6e24fdc391] [HTTP Output Failure] Encountered non-2xx HTTP code 400 {:response_code=>400, :url=>"http://nelo2-col.navercorp.com/_store", :event=>#<LogStash::Event:0x57e21f81>}
[2020-10-23T11:52:28,520][WARN ][logstash.runner          ] SIGINT received. Shutting down.
[2020-10-23T11:52:28,618][INFO ][filewatch.observingtail  ] QUIT - closing all files and shutting down.
[2020-10-23T11:52:29,050][INFO ][logstash.javapipeline    ] Pipeline terminated {"pipeline.id"=>"main"}
[2020-10-23T11:52:29,108][INFO ][logstash.runner          ] Logstash shut down.
[2020-10-23T11:53:47,687][WARN ][logstash.config.source.multilocal] Ignoring the 'pipelines.yml' file because modules or command line options are specified
[2020-10-23T11:53:47,858][INFO ][logstash.runner          ] Starting Logstash {"logstash.version"=>"7.7.1"}
[2020-10-23T11:53:50,448][INFO ][org.reflections.Reflections] Reflections took 49 ms to scan 1 urls, producing 21 keys and 41 values 
[2020-10-23T11:53:51,202][WARN ][org.logstash.instrument.metrics.gauge.LazyDelegatingGauge][main] A gauge metric of an unknown type (org.jruby.RubyArray) has been created for key: cluster_uuids. This may result in invalid serialization.  It is recommended to log an issue to the responsible developer/development team.
[2020-10-23T11:53:51,215][INFO ][logstash.javapipeline    ][main] Starting pipeline {:pipeline_id=>"main", "pipeline.workers"=>4, "pipeline.batch.size"=>125, "pipeline.batch.delay"=>50, "pipeline.max_inflight"=>500, "pipeline.sources"=>["/home1/irteam/logstash-7.7.1/config/logstash.conf"], :thread=>"#<Thread:0x4b2748a1 run>"}
[2020-10-23T11:53:52,376][INFO ][logstash.inputs.file     ][main] No sincedb_path set, generating one based on the "path" setting {:sincedb_path=>"/home1/irteam/logstash-7.7.1/data/plugins/inputs/file/.sincedb_bbacef3e6d8f0e2b076700c55f42cf48", :path=>["/home1/irteam/log/haproxy.log"]}
[2020-10-23T11:53:52,422][INFO ][logstash.javapipeline    ][main] Pipeline started {"pipeline.id"=>"main"}
[2020-10-23T11:53:52,499][INFO ][logstash.agent           ] Pipelines running {:count=>1, :running_pipelines=>[:main], :non_running_pipelines=>[]}
[2020-10-23T11:53:52,492][INFO ][filewatch.observingtail  ][main][2a69227fc2c54e2cd7d3142a404f8ad314bcca1c95fdd7a2320e9251453eccc6] START, creating Discoverer, Watch with file and sincedb collections
[2020-10-23T11:53:52,878][INFO ][logstash.agent           ] Successfully started Logstash API endpoint {:port=>9600}
